<?xml version="1.0" encoding="UTF-8"?>
<!-- Generated by org.testng.reporters.JUnitReportReporter -->
<testsuite hostname="DESKTOP-HG6IJS9" failures="0" tests="1" name="test.test" time="0.005" errors="0" timestamp="2024-07-03T11:31:16 PST" skipped="0">
  <testcase classname="test.test" name="test" time="0.005"/>
  <system-out/>
</testsuite> <!-- test.test -->
