<?xml version="1.0" encoding="UTF-8"?>
<!-- Generated by org.testng.reporters.JUnitReportReporter -->
<testsuite hostname="DESKTOP-HG6IJS9" failures="0" tests="2" name="test.testContactUsSubmission" time="4.817" errors="0" timestamp="2024-07-04T19:40:15 PST" skipped="0">
  <testcase classname="test.testContactUsSubmission" name="navigateToContactUs" time="0.058"/>
  <system-out>
    <![CDATA[navigate to contact us
navigated to contact us page]]>
  </system-out>
  <testcase classname="test.testContactUsSubmission" name="fillUpRequiredFields" time="4.759"/>
  <system-out/>
</testsuite> <!-- test.testContactUsSubmission -->
