<?xml version="1.0" encoding="UTF-8"?>
<!-- Generated by org.testng.reporters.JUnitReportReporter -->
<testsuite hostname="DESKTOP-HG6IJS9" failures="0" tests="1" name="SnapMart.HomePage" time="9.170" errors="0" timestamp="11 Aug 2020 07:06:10 GMT">
  <testcase classname="SnapMart.HomePage" name="basePageNavigation" time="9.170"/>
</testsuite> <!-- SnapMart.HomePage -->
