<?xml version="1.0" encoding="UTF-8"?>
<!-- Generated by org.testng.reporters.JUnitReportReporter -->
<testsuite hostname="DESKTOP-HG6IJS9" failures="0" tests="1" name="SnapMart.multipleProductPayByCC" time="8.007" errors="0" timestamp="11 Aug 2020 09:27:50 GMT">
  <testcase classname="SnapMart.multipleProductPayByCC" name="basePageNavigation" time="8.007"/>
</testsuite> <!-- SnapMart.multipleProductPayByCC -->
