<?xml version="1.0" encoding="UTF-8"?>
<!-- Generated by org.testng.reporters.JUnitReportReporter -->
<testsuite hostname="DESKTOP-HG6IJS9" failures="0" tests="5" name="test.testCartPage" time="1.215" errors="0" timestamp="2024-07-06T07:45:55 PST" skipped="0">
  <testcase classname="test.testCartPage" name="navigateToShop" time="0.068"/>
  <system-out>
    <![CDATA[navigate to contact us
navigated to shop page]]>
  </system-out>
  <testcase classname="test.testCartPage" name="addProductsToCart" time="0.610"/>
  <system-out>
    <![CDATA[multiple products added to cart]]>
  </system-out>
  <testcase classname="test.testCartPage" name="checkActualPrices" time="0.269"/>
  <system-out>
    <![CDATA[Actual stuffed frog price is correct 10.99
Actual fluffy bunny price is correct 9.99
Actual valentine bear price is correct 14.99]]>
  </system-out>
  <testcase classname="test.testCartPage" name="checkActualSubTotals" time="0.181"/>
  <system-out>
    <![CDATA[Actual stuffed frog subtotal is correct 21.98
Actual fluffy bunny subtotal is correct 49.95
Actual valentine bear subtotal is correct 44.97]]>
  </system-out>
  <testcase classname="test.testCartPage" name="computeTotalPrice" time="0.087"/>
  <system-out>
    <![CDATA[correct total amount 116.9]]>
  </system-out>
</testsuite> <!-- test.testCartPage -->
