<?xml version="1.0" encoding="UTF-8"?>
<!-- Generated by org.testng.reporters.JUnitReportReporter -->
<testsuite hostname="DESKTOP-HG6IJS9" failures="0" tests="1" name="SnapMart.AppTest" time="0.008" errors="0" timestamp="29 Jun 2021 07:59:47 GMT">
  <testcase classname="SnapMart.AppTest" name="shouldAnswerWithTrue" time="0.008"/>
</testsuite> <!-- SnapMart.AppTest -->
