<?xml version="1.0" encoding="UTF-8"?>
<!-- Generated by org.testng.reporters.JUnitReportReporter -->
<testsuite hostname="DESKTOP-HG6IJS9" failures="0" tests="1" name="SnapMart.oneProductPayByWallet" time="9.127" errors="0" timestamp="11 Aug 2020 08:08:37 GMT">
  <testcase classname="SnapMart.oneProductPayByWallet" name="basePageNavigation" time="9.127"/>
</testsuite> <!-- SnapMart.oneProductPayByWallet -->
