<?xml version="1.0" encoding="UTF-8"?>
<!-- Generated by org.testng.reporters.JUnitReportReporter -->
<testsuite hostname="DESKTOP-HG6IJS9" failures="0" tests="2" name="test.testContactUsSubmission" time="10.563" errors="0" timestamp="2024-07-04T17:04:53 PST" skipped="0">
  <testcase classname="test.testContactUsSubmission" name="navigateToContactUs" time="0.055"/>
  <system-out>
    <![CDATA[navigate to contact us
navigated to contact us page]]>
  </system-out>
  <testcase classname="test.testContactUsSubmission" name="fillUpRequiredFields" time="10.508"/>
  <system-out/>
</testsuite> <!-- test.testContactUsSubmission -->
