<?xml version="1.0" encoding="UTF-8"?>
<!-- Generated by org.testng.reporters.JUnitReportReporter -->
<testsuite hostname="DESKTOP-HG6IJS9" failures="0" tests="3" name="test.testContactUs" time="90.636" errors="0" timestamp="2024-07-04T17:04:53 PST" skipped="0">
  <testcase classname="test.testContactUs" name="navigateToContactUs" time="0.071"/>
  <system-out>
    <![CDATA[navigate to contact us
navigated to contact us page]]>
  </system-out>
  <testcase classname="test.testContactUs" name="verifyErrorMessages" time="0.296"/>
  <system-out>
    <![CDATA[click submit button
clicked submit button
checking if the following elements are displayed
error messages are displayed]]>
  </system-out>
  <testcase classname="test.testContactUs" name="fillUpRequiredFields" time="90.269"/>
  <system-out>
    <![CDATA[checking if the following elements are not displayed
error messages are not displayed]]>
  </system-out>
</testsuite> <!-- test.testContactUs -->
