<?xml version="1.0" encoding="UTF-8"?>
<!-- Generated by org.testng.reporters.JUnitReportReporter -->
<testsuite hostname="DESKTOP-HG6IJS9" failures="0" tests="3" name="test.testContactUs" time="0.000" errors="0" timestamp="2024-07-06T08:00:32 PST" skipped="3">
  <testcase classname="test.testContactUs" name="navigateToContactUs" time="0.000">
    <skipped/>
  </testcase> <!-- navigateToContactUs -->
  <testcase classname="test.testContactUs" name="verifyErrorMessages" time="0.000">
    <skipped/>
  </testcase> <!-- verifyErrorMessages -->
  <testcase classname="test.testContactUs" name="fillUpRequiredFields" time="0.000">
    <skipped/>
  </testcase> <!-- fillUpRequiredFields -->
</testsuite> <!-- test.testContactUs -->
